[4mrollup v2.10.5[24m
[36mbundles [1mindex.js[22m → [1mdist/bundle.js[22m...[39m
STDERR: [1m[33m(!) Circular dependency[39m[22m
STDERR: helper.js -> other.js -> helper.js
[1m[31m[!] [1mError: 'getOtherer' is not exported by other.js, imported by helper.js[22m[1m[39m[22m
[36mhttps://rollupjs.org/guide/en/#error-name-is-not-exported-by-module[39m
helper.js (1:9)
[2m1: import { getOtherer } from './other.js'
            ^
2: 
3: export function getName() {[22m
[2mError: 'getOtherer' is not exported by other.js, imported by helper.js
    at error (/Users/jeanyves/code/work/alarmist-rollup/.yarn/unplugged/rollup-npm-2.10.5-7eb53e39e7/node_modules/rollup/dist/shared/rollup.js:161:30)
    at Module.error (/Users/jeanyves/code/work/alarmist-rollup/.yarn/unplugged/rollup-npm-2.10.5-7eb53e39e7/node_modules/rollup/dist/shared/rollup.js:15115:16)
    at handleMissingExport (/Users/jeanyves/code/work/alarmist-rollup/.yarn/unplugged/rollup-npm-2.10.5-7eb53e39e7/node_modules/rollup/dist/shared/rollup.js:15012:28)
    at Module.traceVariable (/Users/jeanyves/code/work/alarmist-rollup/.yarn/unplugged/rollup-npm-2.10.5-7eb53e39e7/node_modules/rollup/dist/shared/rollup.js:15498:24)
    at ModuleScope.findVariable (/Users/jeanyves/code/work/alarmist-rollup/.yarn/unplugged/rollup-npm-2.10.5-7eb53e39e7/node_modules/rollup/dist/shared/rollup.js:14065:39)
    at FunctionScope.findVariable (/Users/jeanyves/code/work/alarmist-rollup/.yarn/unplugged/rollup-npm-2.10.5-7eb53e39e7/node_modules/rollup/dist/shared/rollup.js:9527:38)
    at ChildScope.findVariable (/Users/jeanyves/code/work/alarmist-rollup/.yarn/unplugged/rollup-npm-2.10.5-7eb53e39e7/node_modules/rollup/dist/shared/rollup.js:9527:38)
    at Identifier$1.bind (/Users/jeanyves/code/work/alarmist-rollup/.yarn/unplugged/rollup-npm-2.10.5-7eb53e39e7/node_modules/rollup/dist/shared/rollup.js:9940:40)
    at CallExpression$1.bind (/Users/jeanyves/code/work/alarmist-rollup/.yarn/unplugged/rollup-npm-2.10.5-7eb53e39e7/node_modules/rollup/dist/shared/rollup.js:9571:23)
    at CallExpression$1.bind (/Users/jeanyves/code/work/alarmist-rollup/.yarn/unplugged/rollup-npm-2.10.5-7eb53e39e7/node_modules/rollup/dist/shared/rollup.js:12032:15)[22m

