LOG: created
-
LOG: appending selected indicator
-
LOG: appending monitor
-
LOG: setting selected indicator top to 0
-
LOG: setting monitor top to 0
-
LOG: appending job:rollup
-
LOG: setting selected indicator top to 0
-
LOG: setting monitor top to 0
-
LOG: setting job:rollup top to 1
-
LOG: setting monitor top to 0
-
LOG: setting selected indicator top to 1
-
LOG: setting job:rollup top to 1
-
LOG: setting monitor top to 0
-
LOG: setting selected indicator top to 1
-
LOG: setting job:rollup top to 1
-
LOG: resize
-
LOG: setting monitor top to 0
-
LOG: setting selected indicator top to 1
-
LOG: setting job:rollup top to 1
-
